0 info it worked if it ends with ok
1 verbose cli [ '/usr/local/bin/node',
1 verbose cli   '/usr/local/bin/npm',
1 verbose cli   'install',
1 verbose cli   'express',
1 verbose cli   '--save' ]
2 info using npm@1.4.28
3 info using node@v0.10.38
4 verbose node symlink /usr/local/bin/node
5 error Failed to parse json
5 error Unexpected end of input
6 error File: /media/sguilly/storage/SRC/esp8266/tuanpmt/esp_mqtt-master/tools/otaServer/package.json
7 error Failed to parse package.json data.
7 error package.json must be actual JSON, not just JavaScript.
7 error
7 error This is not a bug in npm.
7 error Tell the package author to fix their package.json file. JSON.parse
8 error System Linux 3.13.0-64-generic
9 error command "/usr/local/bin/node" "/usr/local/bin/npm" "install" "express" "--save"
10 error cwd /media/sguilly/storage/SRC/esp8266/tuanpmt/esp_mqtt-master/tools/otaServer
11 error node -v v0.10.38
12 error npm -v 1.4.28
13 error file /media/sguilly/storage/SRC/esp8266/tuanpmt/esp_mqtt-master/tools/otaServer/package.json
14 error code EJSONPARSE
15 verbose exit [ 1, true ]
